<?xml version="1.0" encoding="UTF-8"?>
<!-- Generated by org.testng.reporters.JUnitReportReporter -->
<testsuite hostname="LIN25006874" failures="0" tests="1" name="REQRESRequest.GetUsers" time="2.205" errors="0" timestamp="2022-07-02T19:11:43 IST" skipped="0">
  <testcase classname="REQRESRequest.GetUsers" name="getuserList" time="2.205"/>
  <system-out/>
</testsuite> <!-- REQRESRequest.GetUsers -->
