<?xml version="1.0" encoding="UTF-8"?>
<!-- Generated by org.testng.reporters.JUnitReportReporter -->
<testsuite hostname="LIN25006874" failures="0" tests="1" name="GoRestToDO.RetrieveUserToDo" time="2.498" errors="0" timestamp="2022-07-06T19:41:32 IST" skipped="0">
  <testcase classname="GoRestToDO.RetrieveUserToDo" name="getuserList" time="2.498"/>
  <system-out/>
</testsuite> <!-- GoRestToDO.RetrieveUserToDo -->
