<?xml version="1.0" encoding="UTF-8"?>
<!-- Generated by org.testng.reporters.JUnitReportReporter -->
<testsuite hostname="LIN25006874" failures="0" tests="1" name="GoRestComments.UpdateEmail" time="3.723" errors="0" timestamp="2022-07-06T19:32:33 IST" skipped="0">
  <testcase classname="GoRestComments.UpdateEmail" name="updateEmail" time="3.723"/>
  <system-out/>
</testsuite> <!-- GoRestComments.UpdateEmail -->
