<?xml version="1.0" encoding="UTF-8"?>
<!-- Generated by org.testng.reporters.JUnitReportReporter -->
<testsuite hostname="LIN25006874" failures="0" tests="1" name="REQRESRequest.GetSigleUser" time="0.182" errors="0" timestamp="2022-06-28T22:12:22 IST" skipped="0">
  <testcase classname="REQRESRequest.GetSigleUser" name="getuserbyid" time="0.182"/>
  <system-out/>
</testsuite> <!-- REQRESRequest.GetSigleUser -->
