<?xml version="1.0" encoding="UTF-8"?>
<!-- Generated by org.testng.reporters.JUnitReportReporter -->
<testsuite hostname="LIN25006874" failures="0" tests="1" name="REQRESRequest.UpadateUserPartially" time="0.430" errors="0" timestamp="2022-06-28T22:12:22 IST" skipped="0">
  <testcase classname="REQRESRequest.UpadateUserPartially" name="updateUserPat" time="0.430"/>
  <system-out/>
</testsuite> <!-- REQRESRequest.UpadateUserPartially -->
