<?xml version="1.0" encoding="UTF-8"?>
<!-- Generated by org.testng.reporters.JUnitReportReporter -->
<testsuite hostname="LIN25006874" failures="0" tests="1" name="GoRestUser.GetUsers" time="2.557" errors="0" timestamp="2022-07-06T19:57:16 IST" skipped="0">
  <testcase classname="GoRestUser.GetUsers" name="getuserList" time="2.557"/>
  <system-out/>
</testsuite> <!-- GoRestUser.GetUsers -->
