<?xml version="1.0" encoding="UTF-8"?>
<!-- Generated by org.testng.reporters.JUnitReportReporter -->
<testsuite hostname="LIN25006874" failures="0" tests="1" name="GoRestUser.DeleteUser" time="1.713" errors="0" timestamp="2022-07-06T19:55:39 IST" skipped="0">
  <testcase classname="GoRestUser.DeleteUser" name="deleteuser" time="1.713"/>
  <system-out/>
</testsuite> <!-- GoRestUser.DeleteUser -->
