<?xml version="1.0" encoding="UTF-8"?>
<!-- Generated by org.testng.reporters.JUnitReportReporter -->
<testsuite hostname="LIN25006874" failures="0" tests="1" name="REQRESRequest.PostmanBasicAuth" time="1.276" errors="0" timestamp="2022-06-28T22:12:22 IST" skipped="0">
  <testcase classname="REQRESRequest.PostmanBasicAuth" name="baicAuth" time="1.276"/>
  <system-out/>
</testsuite> <!-- REQRESRequest.PostmanBasicAuth -->
